<?xml version="1.0" encoding="UTF-8"?>
<!-- Generated by org.testng.reporters.JUnitReportReporter -->
<testsuite hostname="VTIPL-H-PC249-L" failures="0" tests="1" name="com.mycompany.selenium.DemoQATest1" time="1.575" errors="0" timestamp="2024-06-25T14:01:12 IST" skipped="0">
  <testcase classname="com.mycompany.selenium.DemoQATest1" name="fillTheForm" time="1.575"/>
  <system-out/>
</testsuite> <!-- com.mycompany.selenium.DemoQATest1 -->
