<?xml version="1.0" encoding="UTF-8"?>
<!-- Generated by org.testng.reporters.JUnitReportReporter -->
<testsuite hostname="VTIPL-H-PC249-L" failures="0" tests="3" name="testNGDemo.TestNGDemo" time="0.022" errors="0" timestamp="2024-06-25T18:06:54 IST" skipped="0">
  <testcase classname="testNGDemo.TestNGDemo" name="test2Class1" time="0.003"/>
  <system-out/>
  <testcase classname="testNGDemo.TestNGDemo" name="test1Class1" time="0.015"/>
  <system-out/>
  <testcase classname="testNGDemo.TestNGDemo" name="test3Class1" time="0.004"/>
  <system-out/>
</testsuite> <!-- testNGDemo.TestNGDemo -->
