<?xml version="1.0" encoding="UTF-8"?>
<!-- Generated by org.testng.reporters.JUnitReportReporter -->
<testsuite hostname="VTIPL-H-PC249-L" failures="0" tests="4" name="testNGDemo.TestngDemo2" time="0.005" errors="0" timestamp="2024-05-20T18:51:12 IST" skipped="0">
  <testcase classname="testNGDemo.TestngDemo2" name="testcaseTwoClass2" time="0.001"/>
  <system-out/>
  <testcase classname="testNGDemo.TestngDemo2" name="testcaseTwoClass2" time="0.001"/>
  <system-out/>
  <testcase classname="testNGDemo.TestngDemo2" name="testcaseOneClass1" time="0.001"/>
  <system-out/>
  <testcase classname="testNGDemo.TestngDemo2" name="testcaseOneClass1" time="0.002"/>
  <system-out/>
</testsuite> <!-- testNGDemo.TestngDemo2 -->
