<?xml version="1.0" encoding="UTF-8"?>
<!-- Generated by org.testng.reporters.JUnitReportReporter -->
<testsuite hostname="VTIPL-H-PC249-L" failures="0" tests="5" name="com.restAssured.automaiton.GetOrderWithAccessToken" time="5.569" errors="0" timestamp="2024-06-05T18:12:20 IST" skipped="1">
  <testcase classname="com.restAssured.automaiton.GetOrderWithAccessToken" name="getOrder" time="1.275"/>
  <system-out/>
  <testcase classname="com.restAssured.automaiton.GetOrderWithAccessToken" name="getOrderJSONFile" time="1.143"/>
  <system-out/>
  <testcase classname="com.restAssured.automaiton.GetOrderWithAccessToken" name="readingJSONFile" time="0.001"/>
  <system-out/>
  <testcase classname="com.restAssured.automaiton.GetOrderWithAccessToken" name="createAccessToken" time="3.150"/>
  <system-out/>
  <testcase classname="com.restAssured.automaiton.GetOrderWithAccessToken" name="createOrder">
    <skipped/>
  </testcase> <!-- createOrder -->
  <system-out/>
</testsuite> <!-- com.restAssured.automaiton.GetOrderWithAccessToken -->
