<?xml version="1.0" encoding="UTF-8"?>
<!-- Generated by org.testng.reporters.JUnitReportReporter -->
<testsuite hostname="VTIPL-H-PC249-L" failures="0" tests="6" name="core.java.examples.ReverseTest" time="0.029" errors="0" timestamp="2024-06-07T12:27:25 IST" skipped="0">
  <testcase classname="core.java.examples.ReverseTest" name="testNegativeNumber" time="0.001"/>
  <system-out/>
  <testcase classname="core.java.examples.ReverseTest" name="testOverflow" time="0.001"/>
  <system-out/>
  <testcase classname="core.java.examples.ReverseTest" name="testZero" time="0.001"/>
  <system-out/>
  <testcase classname="core.java.examples.ReverseTest" name="testLargeNumber" time="0.023"/>
  <system-out/>
  <testcase classname="core.java.examples.ReverseTest" name="testSingleDigit" time="0.002"/>
  <system-out/>
  <testcase classname="core.java.examples.ReverseTest" name="testPositiveNumber" time="0.001"/>
  <system-out/>
</testsuite> <!-- core.java.examples.ReverseTest -->
