<?xml version="1.0" encoding="UTF-8"?>
<!-- Generated by org.testng.reporters.JUnitReportReporter -->
<testsuite hostname="VTIPL-H-PC249-L" failures="0" tests="3" name="com.mycompany.automation.TestNGClass1" time="0.020" errors="0" timestamp="2024-06-17T17:32:50 IST" skipped="0">
  <testcase classname="com.mycompany.automation.TestNGClass1" name="test1" time="0.018"/>
  <system-out/>
  <testcase classname="com.mycompany.automation.TestNGClass1" name="test2" time="0.001"/>
  <system-out/>
  <testcase classname="com.mycompany.automation.TestNGClass1" name="test3" time="0.001"/>
  <system-out/>
</testsuite> <!-- com.mycompany.automation.TestNGClass1 -->
