<?xml version="1.0" encoding="UTF-8"?>
<!-- Generated by org.testng.reporters.JUnitReportReporter -->
<testsuite hostname="VTIPL-H-PC249-L" failures="0" tests="1" name="com.mycompany.automation.WebTable" time="35.263" errors="0" timestamp="2024-05-28T00:29:37 IST" skipped="0">
  <testcase classname="com.mycompany.automation.WebTable" name="getTable" time="35.263"/>
  <system-out/>
</testsuite> <!-- com.mycompany.automation.WebTable -->
