<?xml version="1.0" encoding="UTF-8"?>
<!-- Generated by org.testng.reporters.JUnitReportReporter -->
<testsuite hostname="VTIPL-H-PC249-L" failures="0" tests="3" name="com.mycompany.automation.TestNGClassDemo" time="0.182" errors="0" timestamp="2024-05-13T20:04:48 IST" skipped="0">
  <testcase classname="com.mycompany.automation.TestNGClassDemo" name="test1" time="0.040"/>
  <system-out/>
  <testcase classname="com.mycompany.automation.TestNGClassDemo" name="test2" time="0.002"/>
  <system-out/>
  <testcase classname="com.mycompany.automation.TestNGClassDemo" name="test3" time="0.140"/>
  <system-out/>
</testsuite> <!-- com.mycompany.automation.TestNGClassDemo -->
