<?xml version="1.0" encoding="UTF-8"?>
<!-- Generated by org.testng.reporters.JUnitReportReporter -->
<testsuite hostname="VTIPL-H-PC249-L" failures="0" tests="1" name="com.mycompany.selenium.WebElementsInteraction" time="22.226" errors="0" timestamp="2024-06-11T13:21:03 IST" skipped="0">
  <testcase classname="com.mycompany.selenium.WebElementsInteraction" name="iFrameInteraction" time="22.226"/>
  <system-out/>
</testsuite> <!-- com.mycompany.selenium.WebElementsInteraction -->
