<?xml version="1.0" encoding="UTF-8"?>
<!-- Generated by org.testng.reporters.JUnitReportReporter -->
<testsuite hostname="VTIPL-H-PC249-L" failures="0" tests="1" name="com.mycompany.selenium.StaleElementDemo" time="40.087" errors="0" timestamp="2024-06-19T17:29:54 IST" skipped="0">
  <testcase classname="com.mycompany.selenium.StaleElementDemo" name="staleDemo" time="40.087"/>
  <system-out/>
</testsuite> <!-- com.mycompany.selenium.StaleElementDemo -->
