<?xml version="1.0" encoding="UTF-8"?>
<!-- Generated by org.testng.reporters.JUnitReportReporter -->
<testsuite hostname="VTIPL-H-PC249-L" failures="0" tests="2" name="testNGDemo.TestngDemo1" time="0.004" errors="0" timestamp="2024-05-20T18:51:12 IST" skipped="0">
  <testcase classname="testNGDemo.TestngDemo1" name="testcaseOneClass1" time="0.001"/>
  <system-out/>
  <testcase classname="testNGDemo.TestngDemo1" name="testcaseTwoClass2" time="0.003"/>
  <system-out/>
</testsuite> <!-- testNGDemo.TestngDemo1 -->
