<?xml version="1.0" encoding="UTF-8"?>
<!-- Generated by org.testng.reporters.JUnitReportReporter -->
<testsuite hostname="VTIPL-H-PC249-L" failures="0" tests="1" name="com.mycompany.selenium.WebTableToExcel" time="7.705" errors="0" timestamp="2024-06-18T11:17:34 IST" skipped="0">
  <testcase classname="com.mycompany.selenium.WebTableToExcel" name="getTrainTimeTable" time="7.705"/>
  <system-out/>
</testsuite> <!-- com.mycompany.selenium.WebTableToExcel -->
