<?xml version="1.0" encoding="UTF-8"?>
<!-- Generated by org.testng.reporters.JUnitReportReporter -->
<testsuite hostname="VTIPL-H-PC249-L" failures="0" tests="2" name="testNGDemo.BeforeAfterWithInTest" time="0.013" errors="0" timestamp="2024-05-16T18:44:31 IST" skipped="0">
  <testcase classname="testNGDemo.BeforeAfterWithInTest" name="actualTest6" time="0.003"/>
  <system-out/>
  <testcase classname="testNGDemo.BeforeAfterWithInTest" name="actualTest5" time="0.010"/>
  <system-out/>
</testsuite> <!-- testNGDemo.BeforeAfterWithInTest -->
