<?xml version="1.0" encoding="UTF-8"?>
<!-- Generated by org.testng.reporters.JUnitReportReporter -->
<testsuite hostname="VTIPL-H-PC249-L" failures="0" tests="2" name="testNGDemo.TestngDemo1" time="0.006" errors="0" timestamp="2024-06-25T18:06:54 IST" skipped="0">
  <testcase classname="testNGDemo.TestngDemo1" name="testcaseOneClass1" time="0.004"/>
  <system-out/>
  <testcase classname="testNGDemo.TestngDemo1" name="testcaseTwoClass2" time="0.002"/>
  <system-out/>
</testsuite> <!-- testNGDemo.TestngDemo1 -->
