<?xml version="1.0" encoding="UTF-8"?>
<!-- Generated by org.testng.reporters.JUnitReportReporter -->
<testsuite hostname="VTIPL-H-PC249-L" failures="0" tests="1" name="com.mycompany.selenium.WebTableToExcel" time="6.419" errors="0" timestamp="2024-06-18T16:39:15 IST" skipped="0">
  <testcase classname="com.mycompany.selenium.WebTableToExcel" name="getTrainTimeTable" time="6.419"/>
  <system-out/>
</testsuite> <!-- com.mycompany.selenium.WebTableToExcel -->
