<?xml version="1.0" encoding="UTF-8"?>
<!-- Generated by org.testng.reporters.JUnitReportReporter -->
<testsuite hostname="VTIPL-H-PC249-L" failures="0" tests="4" name="testNGDemo.TestngDemo2" time="0.013" errors="0" timestamp="2024-06-25T20:08:45 IST" skipped="0">
  <testcase classname="testNGDemo.TestngDemo2" name="testcaseOneClass1" time="0.001"/>
  <system-out/>
  <testcase classname="testNGDemo.TestngDemo2" name="testcaseTwoClass2" time="0.001"/>
  <system-out/>
  <testcase classname="testNGDemo.TestngDemo2" name="testcaseTwoClass2" time="0.005"/>
  <system-out/>
  <testcase classname="testNGDemo.TestngDemo2" name="testcaseOneClass1" time="0.006"/>
  <system-out/>
</testsuite> <!-- testNGDemo.TestngDemo2 -->
