<?xml version="1.0" encoding="UTF-8"?>
<!-- Generated by org.testng.reporters.JUnitReportReporter -->
<testsuite hostname="VTIPL-H-PC249-L" failures="0" tests="1" name="com.mycompany.automation.AppTest" time="11.083" errors="0" timestamp="2024-04-25T18:57:10 IST" skipped="0">
  <testcase classname="com.mycompany.automation.AppTest" name="shouldAnswerWithTrue" time="11.083"/>
  <system-out/>
</testsuite> <!-- com.mycompany.automation.AppTest -->
