<?xml version="1.0" encoding="UTF-8"?>
<!-- Generated by org.testng.reporters.JUnitReportReporter -->
<testsuite hostname="VTIPL-H-PC249-L" failures="0" tests="3" name="com.restAssured.automaiton.TestNGDemo" time="0.017" errors="0" timestamp="2024-05-16T14:20:36 IST" skipped="0">
  <testcase classname="com.restAssured.automaiton.TestNGDemo" name="test2" time="0.002"/>
  <system-out/>
  <testcase classname="com.restAssured.automaiton.TestNGDemo" name="test3" time="0.002"/>
  <system-out/>
  <testcase classname="com.restAssured.automaiton.TestNGDemo" name="test1" time="0.013"/>
  <system-out/>
</testsuite> <!-- com.restAssured.automaiton.TestNGDemo -->
