<?xml version="1.0" encoding="UTF-8"?>
<!-- Generated by org.testng.reporters.JUnitReportReporter -->
<testsuite hostname="VTIPL-H-PC249-L" failures="0" tests="1" name="com.mycompany.selenium.WebTable" time="9.729" errors="0" timestamp="2024-06-11T12:12:33 IST" skipped="0">
  <testcase classname="com.mycompany.selenium.WebTable" name="getTrainTimeTable" time="9.729"/>
  <system-out/>
</testsuite> <!-- com.mycompany.selenium.WebTable -->
